Gzipped: C:\Users\Milind\Desktop\Repos\tests\file1.log
Gzipped: C:\Users\Milind\Desktop\Repos\tests\file10.log
Gzipped: C:\Users\Milind\Desktop\Repos\tests\file2.log
Gzipped: C:\Users\Milind\Desktop\Repos\tests\file3.log
Gzipped: C:\Users\Milind\Desktop\Repos\tests\file4.log
Gzipped: C:\Users\Milind\Desktop\Repos\tests\file5.log
Gzipped: C:\Users\Milind\Desktop\Repos\tests\file6.log
Gzipped: C:\Users\Milind\Desktop\Repos\tests\file7.log
Gzipped: C:\Users\Milind\Desktop\Repos\tests\file8.log
Gzipped: C:\Users\Milind\Desktop\Repos\tests\file9.log
Gzipped: C:\Users\Milind\Desktop\Repos\tests2\file1.log
Gzipped: C:\Users\Milind\Desktop\Repos\tests2\file10.log
Gzipped: C:\Users\Milind\Desktop\Repos\tests2\file2.log
Gzipped: C:\Users\Milind\Desktop\Repos\tests2\file3.log
Gzipped: C:\Users\Milind\Desktop\Repos\tests2\file4.log
Gzipped: C:\Users\Milind\Desktop\Repos\tests2\file5.log
Gzipped: C:\Users\Milind\Desktop\Repos\tests2\file6.log
Gzipped: C:\Users\Milind\Desktop\Repos\tests2\file7.log
Gzipped: C:\Users\Milind\Desktop\Repos\tests2\file8.log
Gzipped: C:\Users\Milind\Desktop\Repos\tests2\file9.log
Gzipped: C:\Users\Milind\Desktop\Repos\tests\file1.bak
Gzipped: C:\Users\Milind\Desktop\Repos\tests\file1.csv
Gzipped: C:\Users\Milind\Desktop\Repos\tests\file1.html
Gzipped: C:\Users\Milind\Desktop\Repos\tests\file1.json
Gzipped: C:\Users\Milind\Desktop\Repos\tests\file1.md
Gzipped: C:\Users\Milind\Desktop\Repos\tests\file1.py
Gzipped: C:\Users\Milind\Desktop\Repos\tests\file1.sh
Gzipped: C:\Users\Milind\Desktop\Repos\tests\file1.txt
Gzipped: C:\Users\Milind\Desktop\Repos\tests\file1.xml
Gzipped: C:\Users\Milind\Desktop\Repos\tests\file10.bak
Gzipped: C:\Users\Milind\Desktop\Repos\tests\file10.csv
Gzipped: C:\Users\Milind\Desktop\Repos\tests\file10.html
Gzipped: C:\Users\Milind\Desktop\Repos\tests\file10.json
Gzipped: C:\Users\Milind\Desktop\Repos\tests\file10.md
Gzipped: C:\Users\Milind\Desktop\Repos\tests\file10.py
Gzipped: C:\Users\Milind\Desktop\Repos\tests\file10.sh
Gzipped: C:\Users\Milind\Desktop\Repos\tests\file10.txt
Gzipped: C:\Users\Milind\Desktop\Repos\tests\file10.xml
Gzipped: C:\Users\Milind\Desktop\Repos\tests\file2.bak
Gzipped: C:\Users\Milind\Desktop\Repos\tests\file2.csv
Gzipped: C:\Users\Milind\Desktop\Repos\tests\file2.html
Gzipped: C:\Users\Milind\Desktop\Repos\tests\file2.json
Gzipped: C:\Users\Milind\Desktop\Repos\tests\file2.md
Gzipped: C:\Users\Milind\Desktop\Repos\tests\file2.py
Gzipped: C:\Users\Milind\Desktop\Repos\tests\file2.sh
Gzipped: C:\Users\Milind\Desktop\Repos\tests\file2.txt
Gzipped: C:\Users\Milind\Desktop\Repos\tests\file2.xml
Gzipped: C:\Users\Milind\Desktop\Repos\tests\file3.bak
Gzipped: C:\Users\Milind\Desktop\Repos\tests\file3.csv
Gzipped: C:\Users\Milind\Desktop\Repos\tests\file3.html
Gzipped: C:\Users\Milind\Desktop\Repos\tests\file3.json
Gzipped: C:\Users\Milind\Desktop\Repos\tests\file3.md
Gzipped: C:\Users\Milind\Desktop\Repos\tests\file3.py
Gzipped: C:\Users\Milind\Desktop\Repos\tests\file3.sh
Gzipped: C:\Users\Milind\Desktop\Repos\tests\file3.txt
Gzipped: C:\Users\Milind\Desktop\Repos\tests\file3.xml
Gzipped: C:\Users\Milind\Desktop\Repos\tests\file4.bak
Gzipped: C:\Users\Milind\Desktop\Repos\tests\file4.csv
Gzipped: C:\Users\Milind\Desktop\Repos\tests\file4.html
Gzipped: C:\Users\Milind\Desktop\Repos\tests\file4.json
Gzipped: C:\Users\Milind\Desktop\Repos\tests\file4.md
Gzipped: C:\Users\Milind\Desktop\Repos\tests\file4.py
Gzipped: C:\Users\Milind\Desktop\Repos\tests\file4.sh
Gzipped: C:\Users\Milind\Desktop\Repos\tests\file4.txt
Gzipped: C:\Users\Milind\Desktop\Repos\tests\file4.xml
Gzipped: C:\Users\Milind\Desktop\Repos\tests\file5.bak
Gzipped: C:\Users\Milind\Desktop\Repos\tests\file5.csv
Gzipped: C:\Users\Milind\Desktop\Repos\tests\file5.html
Gzipped: C:\Users\Milind\Desktop\Repos\tests\file5.json
Gzipped: C:\Users\Milind\Desktop\Repos\tests\file5.md
Gzipped: C:\Users\Milind\Desktop\Repos\tests\file5.py
Gzipped: C:\Users\Milind\Desktop\Repos\tests\file5.sh
Gzipped: C:\Users\Milind\Desktop\Repos\tests\file5.txt
Gzipped: C:\Users\Milind\Desktop\Repos\tests\file5.xml
Gzipped: C:\Users\Milind\Desktop\Repos\tests\file6.bak
Gzipped: C:\Users\Milind\Desktop\Repos\tests\file6.csv
Gzipped: C:\Users\Milind\Desktop\Repos\tests\file6.html
Gzipped: C:\Users\Milind\Desktop\Repos\tests\file6.json
Gzipped: C:\Users\Milind\Desktop\Repos\tests\file6.md
Gzipped: C:\Users\Milind\Desktop\Repos\tests\file6.py
Gzipped: C:\Users\Milind\Desktop\Repos\tests\file6.sh
Gzipped: C:\Users\Milind\Desktop\Repos\tests\file6.txt
Gzipped: C:\Users\Milind\Desktop\Repos\tests\file6.xml
Gzipped: C:\Users\Milind\Desktop\Repos\tests\file7.bak
Gzipped: C:\Users\Milind\Desktop\Repos\tests\file7.csv
Gzipped: C:\Users\Milind\Desktop\Repos\tests\file7.html
Gzipped: C:\Users\Milind\Desktop\Repos\tests\file7.json
Gzipped: C:\Users\Milind\Desktop\Repos\tests\file7.md
Gzipped: C:\Users\Milind\Desktop\Repos\tests\file7.py
Gzipped: C:\Users\Milind\Desktop\Repos\tests\file7.sh
Gzipped: C:\Users\Milind\Desktop\Repos\tests\file7.txt
Gzipped: C:\Users\Milind\Desktop\Repos\tests\file7.xml
Gzipped: C:\Users\Milind\Desktop\Repos\tests\file8.bak
Gzipped: C:\Users\Milind\Desktop\Repos\tests\file8.csv
Gzipped: C:\Users\Milind\Desktop\Repos\tests\file8.html
Gzipped: C:\Users\Milind\Desktop\Repos\tests\file8.json
Gzipped: C:\Users\Milind\Desktop\Repos\tests\file8.md
Gzipped: C:\Users\Milind\Desktop\Repos\tests\file8.py
Gzipped: C:\Users\Milind\Desktop\Repos\tests\file8.sh
Gzipped: C:\Users\Milind\Desktop\Repos\tests\file8.txt
Gzipped: C:\Users\Milind\Desktop\Repos\tests\file8.xml
Gzipped: C:\Users\Milind\Desktop\Repos\tests\file9.bak
Gzipped: C:\Users\Milind\Desktop\Repos\tests\file9.csv
Gzipped: C:\Users\Milind\Desktop\Repos\tests\file9.html
Gzipped: C:\Users\Milind\Desktop\Repos\tests\file9.json
Gzipped: C:\Users\Milind\Desktop\Repos\tests\file9.md
Gzipped: C:\Users\Milind\Desktop\Repos\tests\file9.py
Gzipped: C:\Users\Milind\Desktop\Repos\tests\file9.sh
Gzipped: C:\Users\Milind\Desktop\Repos\tests\file9.txt
Gzipped: C:\Users\Milind\Desktop\Repos\tests\file9.xml
Gzipped: C:\Users\Milind\Desktop\Repos\tests\file1.bak.gz
Gzipped: C:\Users\Milind\Desktop\Repos\tests\file1.csv.gz
Gzipped: C:\Users\Milind\Desktop\Repos\tests\file1.html.gz
Gzipped: C:\Users\Milind\Desktop\Repos\tests\file1.json.gz
Gzipped: C:\Users\Milind\Desktop\Repos\tests\file1.log.gz
Gzipped: C:\Users\Milind\Desktop\Repos\tests\file1.md.gz
Gzipped: C:\Users\Milind\Desktop\Repos\tests\file1.py.gz
Gzipped: C:\Users\Milind\Desktop\Repos\tests\file1.sh.gz
Gzipped: C:\Users\Milind\Desktop\Repos\tests\file1.txt.gz
Gzipped: C:\Users\Milind\Desktop\Repos\tests\file1.xml.gz
Gzipped: C:\Users\Milind\Desktop\Repos\tests\file10.bak.gz
Gzipped: C:\Users\Milind\Desktop\Repos\tests\file10.csv.gz
Gzipped: C:\Users\Milind\Desktop\Repos\tests\file10.html.gz
Gzipped: C:\Users\Milind\Desktop\Repos\tests\file10.json.gz
Gzipped: C:\Users\Milind\Desktop\Repos\tests\file10.log.gz
Gzipped: C:\Users\Milind\Desktop\Repos\tests\file10.md.gz
Gzipped: C:\Users\Milind\Desktop\Repos\tests\file10.py.gz
Gzipped: C:\Users\Milind\Desktop\Repos\tests\file10.sh.gz
Gzipped: C:\Users\Milind\Desktop\Repos\tests\file10.txt.gz
Gzipped: C:\Users\Milind\Desktop\Repos\tests\file10.xml.gz
Gzipped: C:\Users\Milind\Desktop\Repos\tests\file2.bak.gz
Gzipped: C:\Users\Milind\Desktop\Repos\tests\file2.csv.gz
Gzipped: C:\Users\Milind\Desktop\Repos\tests\file2.html.gz
Gzipped: C:\Users\Milind\Desktop\Repos\tests\file2.json.gz
Gzipped: C:\Users\Milind\Desktop\Repos\tests\file2.log.gz
Gzipped: C:\Users\Milind\Desktop\Repos\tests\file2.md.gz
Gzipped: C:\Users\Milind\Desktop\Repos\tests\file2.py.gz
Gzipped: C:\Users\Milind\Desktop\Repos\tests\file2.sh.gz
Gzipped: C:\Users\Milind\Desktop\Repos\tests\file2.txt.gz
Gzipped: C:\Users\Milind\Desktop\Repos\tests\file2.xml.gz
Gzipped: C:\Users\Milind\Desktop\Repos\tests\file3.bak.gz
Gzipped: C:\Users\Milind\Desktop\Repos\tests\file3.csv.gz
Gzipped: C:\Users\Milind\Desktop\Repos\tests\file3.html.gz
Gzipped: C:\Users\Milind\Desktop\Repos\tests\file3.json.gz
Gzipped: C:\Users\Milind\Desktop\Repos\tests\file3.log.gz
Gzipped: C:\Users\Milind\Desktop\Repos\tests\file3.md.gz
Gzipped: C:\Users\Milind\Desktop\Repos\tests\file3.py.gz
Gzipped: C:\Users\Milind\Desktop\Repos\tests\file3.sh.gz
Gzipped: C:\Users\Milind\Desktop\Repos\tests\file3.txt.gz
Gzipped: C:\Users\Milind\Desktop\Repos\tests\file3.xml.gz
Gzipped: C:\Users\Milind\Desktop\Repos\tests\file4.bak.gz
Gzipped: C:\Users\Milind\Desktop\Repos\tests\file4.csv.gz
Gzipped: C:\Users\Milind\Desktop\Repos\tests\file4.html.gz
Gzipped: C:\Users\Milind\Desktop\Repos\tests\file4.json.gz
Gzipped: C:\Users\Milind\Desktop\Repos\tests\file4.log.gz
Gzipped: C:\Users\Milind\Desktop\Repos\tests\file4.md.gz
Gzipped: C:\Users\Milind\Desktop\Repos\tests\file4.py.gz
Gzipped: C:\Users\Milind\Desktop\Repos\tests\file4.sh.gz
Gzipped: C:\Users\Milind\Desktop\Repos\tests\file4.txt.gz
Gzipped: C:\Users\Milind\Desktop\Repos\tests\file4.xml.gz
Gzipped: C:\Users\Milind\Desktop\Repos\tests\file5.bak.gz
Gzipped: C:\Users\Milind\Desktop\Repos\tests\file5.csv.gz
Gzipped: C:\Users\Milind\Desktop\Repos\tests\file5.html.gz
Gzipped: C:\Users\Milind\Desktop\Repos\tests\file5.json.gz
Gzipped: C:\Users\Milind\Desktop\Repos\tests\file5.log.gz
Gzipped: C:\Users\Milind\Desktop\Repos\tests\file5.md.gz
Gzipped: C:\Users\Milind\Desktop\Repos\tests\file5.py.gz
Gzipped: C:\Users\Milind\Desktop\Repos\tests\file5.sh.gz
Gzipped: C:\Users\Milind\Desktop\Repos\tests\file5.txt.gz
Gzipped: C:\Users\Milind\Desktop\Repos\tests\file5.xml.gz
Gzipped: C:\Users\Milind\Desktop\Repos\tests\file6.bak.gz
Gzipped: C:\Users\Milind\Desktop\Repos\tests\file6.csv.gz
Gzipped: C:\Users\Milind\Desktop\Repos\tests\file6.html.gz
Gzipped: C:\Users\Milind\Desktop\Repos\tests\file6.json.gz
Gzipped: C:\Users\Milind\Desktop\Repos\tests\file6.log.gz
Gzipped: C:\Users\Milind\Desktop\Repos\tests\file6.md.gz
Gzipped: C:\Users\Milind\Desktop\Repos\tests\file6.py.gz
Gzipped: C:\Users\Milind\Desktop\Repos\tests\file6.sh.gz
Gzipped: C:\Users\Milind\Desktop\Repos\tests\file6.txt.gz
Gzipped: C:\Users\Milind\Desktop\Repos\tests\file6.xml.gz
Gzipped: C:\Users\Milind\Desktop\Repos\tests\file7.bak.gz
Gzipped: C:\Users\Milind\Desktop\Repos\tests\file7.csv.gz
Gzipped: C:\Users\Milind\Desktop\Repos\tests\file7.html.gz
Gzipped: C:\Users\Milind\Desktop\Repos\tests\file7.json.gz
Gzipped: C:\Users\Milind\Desktop\Repos\tests\file7.log.gz
Gzipped: C:\Users\Milind\Desktop\Repos\tests\file7.md.gz
Gzipped: C:\Users\Milind\Desktop\Repos\tests\file7.py.gz
Gzipped: C:\Users\Milind\Desktop\Repos\tests\file7.sh.gz
Gzipped: C:\Users\Milind\Desktop\Repos\tests\file7.txt.gz
Gzipped: C:\Users\Milind\Desktop\Repos\tests\file7.xml.gz
Gzipped: C:\Users\Milind\Desktop\Repos\tests\file8.bak.gz
Gzipped: C:\Users\Milind\Desktop\Repos\tests\file8.csv.gz
Gzipped: C:\Users\Milind\Desktop\Repos\tests\file8.html.gz
Gzipped: C:\Users\Milind\Desktop\Repos\tests\file8.json.gz
Gzipped: C:\Users\Milind\Desktop\Repos\tests\file8.log.gz
Gzipped: C:\Users\Milind\Desktop\Repos\tests\file8.md.gz
Gzipped: C:\Users\Milind\Desktop\Repos\tests\file8.py.gz
Gzipped: C:\Users\Milind\Desktop\Repos\tests\file8.sh.gz
Gzipped: C:\Users\Milind\Desktop\Repos\tests\file8.txt.gz
Gzipped: C:\Users\Milind\Desktop\Repos\tests\file8.xml.gz
Gzipped: C:\Users\Milind\Desktop\Repos\tests\file9.bak.gz
Gzipped: C:\Users\Milind\Desktop\Repos\tests\file9.csv.gz
Gzipped: C:\Users\Milind\Desktop\Repos\tests\file9.html.gz
Gzipped: C:\Users\Milind\Desktop\Repos\tests\file9.json.gz
Gzipped: C:\Users\Milind\Desktop\Repos\tests\file9.log.gz
Gzipped: C:\Users\Milind\Desktop\Repos\tests\file9.md.gz
Gzipped: C:\Users\Milind\Desktop\Repos\tests\file9.py.gz
Gzipped: C:\Users\Milind\Desktop\Repos\tests\file9.sh.gz
Gzipped: C:\Users\Milind\Desktop\Repos\tests\file9.txt.gz
Gzipped: C:\Users\Milind\Desktop\Repos\tests\file9.xml.gz
Gzipped: C:\Users\Milind\Desktop\Repos\tests\file1.bak.gz.gz
Gzipped: C:\Users\Milind\Desktop\Repos\tests\file1.csv.gz.gz
Gzipped: C:\Users\Milind\Desktop\Repos\tests\file1.html.gz.gz
Gzipped: C:\Users\Milind\Desktop\Repos\tests\file1.json.gz.gz
Gzipped: C:\Users\Milind\Desktop\Repos\tests\file1.log.gz.gz
Gzipped: C:\Users\Milind\Desktop\Repos\tests\file1.md.gz.gz
Gzipped: C:\Users\Milind\Desktop\Repos\tests\file1.py.gz.gz
Gzipped: C:\Users\Milind\Desktop\Repos\tests\file1.sh.gz.gz
Gzipped: C:\Users\Milind\Desktop\Repos\tests\file1.txt.gz.gz
Gzipped: C:\Users\Milind\Desktop\Repos\tests\file1.xml.gz.gz
Gzipped: C:\Users\Milind\Desktop\Repos\tests\file10.bak.gz.gz
Gzipped: C:\Users\Milind\Desktop\Repos\tests\file10.csv.gz.gz
Gzipped: C:\Users\Milind\Desktop\Repos\tests\file10.html.gz.gz
Gzipped: C:\Users\Milind\Desktop\Repos\tests\file10.json.gz.gz
Gzipped: C:\Users\Milind\Desktop\Repos\tests\file10.log.gz.gz
Gzipped: C:\Users\Milind\Desktop\Repos\tests\file10.md.gz.gz
Gzipped: C:\Users\Milind\Desktop\Repos\tests\file10.py.gz.gz
Gzipped: C:\Users\Milind\Desktop\Repos\tests\file10.sh.gz.gz
Gzipped: C:\Users\Milind\Desktop\Repos\tests\file10.txt.gz.gz
Gzipped: C:\Users\Milind\Desktop\Repos\tests\file10.xml.gz.gz
Gzipped: C:\Users\Milind\Desktop\Repos\tests\file2.bak.gz.gz
Gzipped: C:\Users\Milind\Desktop\Repos\tests\file2.csv.gz.gz
Gzipped: C:\Users\Milind\Desktop\Repos\tests\file2.html.gz.gz
Gzipped: C:\Users\Milind\Desktop\Repos\tests\file2.json.gz.gz
Gzipped: C:\Users\Milind\Desktop\Repos\tests\file2.log.gz.gz
Gzipped: C:\Users\Milind\Desktop\Repos\tests\file2.md.gz.gz
Gzipped: C:\Users\Milind\Desktop\Repos\tests\file2.py.gz.gz
Gzipped: C:\Users\Milind\Desktop\Repos\tests\file2.sh.gz.gz
Gzipped: C:\Users\Milind\Desktop\Repos\tests\file2.txt.gz.gz
Gzipped: C:\Users\Milind\Desktop\Repos\tests\file2.xml.gz.gz
Gzipped: C:\Users\Milind\Desktop\Repos\tests\file3.bak.gz.gz
Gzipped: C:\Users\Milind\Desktop\Repos\tests\file3.csv.gz.gz
Gzipped: C:\Users\Milind\Desktop\Repos\tests\file3.html.gz.gz
Gzipped: C:\Users\Milind\Desktop\Repos\tests\file3.json.gz.gz
Gzipped: C:\Users\Milind\Desktop\Repos\tests\file3.log.gz.gz
Gzipped: C:\Users\Milind\Desktop\Repos\tests\file3.md.gz.gz
Gzipped: C:\Users\Milind\Desktop\Repos\tests\file3.py.gz.gz
Gzipped: C:\Users\Milind\Desktop\Repos\tests\file3.sh.gz.gz
Gzipped: C:\Users\Milind\Desktop\Repos\tests\file3.txt.gz.gz
Gzipped: C:\Users\Milind\Desktop\Repos\tests\file3.xml.gz.gz
Gzipped: C:\Users\Milind\Desktop\Repos\tests\file4.bak.gz.gz
Gzipped: C:\Users\Milind\Desktop\Repos\tests\file4.csv.gz.gz
Gzipped: C:\Users\Milind\Desktop\Repos\tests\file4.html.gz.gz
Gzipped: C:\Users\Milind\Desktop\Repos\tests\file4.json.gz.gz
Gzipped: C:\Users\Milind\Desktop\Repos\tests\file4.log.gz.gz
Gzipped: C:\Users\Milind\Desktop\Repos\tests\file4.md.gz.gz
Gzipped: C:\Users\Milind\Desktop\Repos\tests\file4.py.gz.gz
Gzipped: C:\Users\Milind\Desktop\Repos\tests\file4.sh.gz.gz
Gzipped: C:\Users\Milind\Desktop\Repos\tests\file4.txt.gz.gz
Gzipped: C:\Users\Milind\Desktop\Repos\tests\file4.xml.gz.gz
Gzipped: C:\Users\Milind\Desktop\Repos\tests\file5.bak.gz.gz
Gzipped: C:\Users\Milind\Desktop\Repos\tests\file5.csv.gz.gz
Gzipped: C:\Users\Milind\Desktop\Repos\tests\file5.html.gz.gz
Gzipped: C:\Users\Milind\Desktop\Repos\tests\file5.json.gz.gz
Gzipped: C:\Users\Milind\Desktop\Repos\tests\file5.log.gz.gz
Gzipped: C:\Users\Milind\Desktop\Repos\tests\file5.md.gz.gz
Gzipped: C:\Users\Milind\Desktop\Repos\tests\file5.py.gz.gz
Gzipped: C:\Users\Milind\Desktop\Repos\tests\file5.sh.gz.gz
Gzipped: C:\Users\Milind\Desktop\Repos\tests\file5.txt.gz.gz
Gzipped: C:\Users\Milind\Desktop\Repos\tests\file5.xml.gz.gz
Gzipped: C:\Users\Milind\Desktop\Repos\tests\file6.bak.gz.gz
Gzipped: C:\Users\Milind\Desktop\Repos\tests\file6.csv.gz.gz
Gzipped: C:\Users\Milind\Desktop\Repos\tests\file6.html.gz.gz
Gzipped: C:\Users\Milind\Desktop\Repos\tests\file6.json.gz.gz
Gzipped: C:\Users\Milind\Desktop\Repos\tests\file6.log.gz.gz
Gzipped: C:\Users\Milind\Desktop\Repos\tests\file6.md.gz.gz
Gzipped: C:\Users\Milind\Desktop\Repos\tests\file6.py.gz.gz
Gzipped: C:\Users\Milind\Desktop\Repos\tests\file6.sh.gz.gz
Gzipped: C:\Users\Milind\Desktop\Repos\tests\file6.txt.gz.gz
Gzipped: C:\Users\Milind\Desktop\Repos\tests\file6.xml.gz.gz
Gzipped: C:\Users\Milind\Desktop\Repos\tests\file7.bak.gz.gz
Gzipped: C:\Users\Milind\Desktop\Repos\tests\file7.csv.gz.gz
Gzipped: C:\Users\Milind\Desktop\Repos\tests\file7.html.gz.gz
Gzipped: C:\Users\Milind\Desktop\Repos\tests\file7.json.gz.gz
Gzipped: C:\Users\Milind\Desktop\Repos\tests\file7.log.gz.gz
Gzipped: C:\Users\Milind\Desktop\Repos\tests\file7.md.gz.gz
Gzipped: C:\Users\Milind\Desktop\Repos\tests\file7.py.gz.gz
Gzipped: C:\Users\Milind\Desktop\Repos\tests\file7.sh.gz.gz
Gzipped: C:\Users\Milind\Desktop\Repos\tests\file7.txt.gz.gz
Gzipped: C:\Users\Milind\Desktop\Repos\tests\file7.xml.gz.gz
Gzipped: C:\Users\Milind\Desktop\Repos\tests\file8.bak.gz.gz
Gzipped: C:\Users\Milind\Desktop\Repos\tests\file8.csv.gz.gz
Gzipped: C:\Users\Milind\Desktop\Repos\tests\file8.html.gz.gz
Gzipped: C:\Users\Milind\Desktop\Repos\tests\file8.json.gz.gz
Gzipped: C:\Users\Milind\Desktop\Repos\tests\file8.log.gz.gz
Gzipped: C:\Users\Milind\Desktop\Repos\tests\file8.md.gz.gz
Gzipped: C:\Users\Milind\Desktop\Repos\tests\file8.py.gz.gz
Gzipped: C:\Users\Milind\Desktop\Repos\tests\file8.sh.gz.gz
Gzipped: C:\Users\Milind\Desktop\Repos\tests\file8.txt.gz.gz
Gzipped: C:\Users\Milind\Desktop\Repos\tests\file8.xml.gz.gz
Gzipped: C:\Users\Milind\Desktop\Repos\tests\file9.bak.gz.gz
Gzipped: C:\Users\Milind\Desktop\Repos\tests\file9.csv.gz.gz
Gzipped: C:\Users\Milind\Desktop\Repos\tests\file9.html.gz.gz
Gzipped: C:\Users\Milind\Desktop\Repos\tests\file9.json.gz.gz
Gzipped: C:\Users\Milind\Desktop\Repos\tests\file9.log.gz.gz
Gzipped: C:\Users\Milind\Desktop\Repos\tests\file9.md.gz.gz
Gzipped: C:\Users\Milind\Desktop\Repos\tests\file9.py.gz.gz
Gzipped: C:\Users\Milind\Desktop\Repos\tests\file9.sh.gz.gz
Gzipped: C:\Users\Milind\Desktop\Repos\tests\file9.txt.gz.gz
Gzipped: C:\Users\Milind\Desktop\Repos\tests\file9.xml.gz.gz
Gzipped: C:\Users\Milind\Desktop\Repos\tests\file1.bak
Gzipped: C:\Users\Milind\Desktop\Repos\tests\file1.csv
Gzipped: C:\Users\Milind\Desktop\Repos\tests\file1.html
Gzipped: C:\Users\Milind\Desktop\Repos\tests\file1.json
Gzipped: C:\Users\Milind\Desktop\Repos\tests\file1.log
Gzipped: C:\Users\Milind\Desktop\Repos\tests\file1.md
Gzipped: C:\Users\Milind\Desktop\Repos\tests\file1.py
Gzipped: C:\Users\Milind\Desktop\Repos\tests\file1.sh
Gzipped: C:\Users\Milind\Desktop\Repos\tests\file1.txt
Gzipped: C:\Users\Milind\Desktop\Repos\tests\file1.xml
Gzipped: C:\Users\Milind\Desktop\Repos\tests\file10.bak
Gzipped: C:\Users\Milind\Desktop\Repos\tests\file10.csv
Gzipped: C:\Users\Milind\Desktop\Repos\tests\file10.html
Gzipped: C:\Users\Milind\Desktop\Repos\tests\file10.json
Gzipped: C:\Users\Milind\Desktop\Repos\tests\file10.log
Gzipped: C:\Users\Milind\Desktop\Repos\tests\file10.md
Gzipped: C:\Users\Milind\Desktop\Repos\tests\file10.py
Gzipped: C:\Users\Milind\Desktop\Repos\tests\file10.sh
Gzipped: C:\Users\Milind\Desktop\Repos\tests\file10.txt
Gzipped: C:\Users\Milind\Desktop\Repos\tests\file10.xml
Gzipped: C:\Users\Milind\Desktop\Repos\tests\file2.bak
Gzipped: C:\Users\Milind\Desktop\Repos\tests\file2.csv
Gzipped: C:\Users\Milind\Desktop\Repos\tests\file2.html
Gzipped: C:\Users\Milind\Desktop\Repos\tests\file2.json
Gzipped: C:\Users\Milind\Desktop\Repos\tests\file2.log
Gzipped: C:\Users\Milind\Desktop\Repos\tests\file2.md
Gzipped: C:\Users\Milind\Desktop\Repos\tests\file2.py
Gzipped: C:\Users\Milind\Desktop\Repos\tests\file2.sh
Gzipped: C:\Users\Milind\Desktop\Repos\tests\file2.txt
Gzipped: C:\Users\Milind\Desktop\Repos\tests\file2.xml
Gzipped: C:\Users\Milind\Desktop\Repos\tests\file3.bak
Gzipped: C:\Users\Milind\Desktop\Repos\tests\file3.csv
Gzipped: C:\Users\Milind\Desktop\Repos\tests\file3.html
Gzipped: C:\Users\Milind\Desktop\Repos\tests\file3.json
Gzipped: C:\Users\Milind\Desktop\Repos\tests\file3.log
Gzipped: C:\Users\Milind\Desktop\Repos\tests\file3.md
Gzipped: C:\Users\Milind\Desktop\Repos\tests\file3.py
Gzipped: C:\Users\Milind\Desktop\Repos\tests\file3.sh
Gzipped: C:\Users\Milind\Desktop\Repos\tests\file3.txt
Gzipped: C:\Users\Milind\Desktop\Repos\tests\file3.xml
Gzipped: C:\Users\Milind\Desktop\Repos\tests\file4.bak
Gzipped: C:\Users\Milind\Desktop\Repos\tests\file4.csv
Gzipped: C:\Users\Milind\Desktop\Repos\tests\file4.html
Gzipped: C:\Users\Milind\Desktop\Repos\tests\file4.json
Gzipped: C:\Users\Milind\Desktop\Repos\tests\file4.log
Gzipped: C:\Users\Milind\Desktop\Repos\tests\file4.md
Gzipped: C:\Users\Milind\Desktop\Repos\tests\file4.py
Gzipped: C:\Users\Milind\Desktop\Repos\tests\file4.sh
Gzipped: C:\Users\Milind\Desktop\Repos\tests\file4.txt
Gzipped: C:\Users\Milind\Desktop\Repos\tests\file4.xml
Gzipped: C:\Users\Milind\Desktop\Repos\tests\file5.bak
Gzipped: C:\Users\Milind\Desktop\Repos\tests\file5.csv
Gzipped: C:\Users\Milind\Desktop\Repos\tests\file5.html
Gzipped: C:\Users\Milind\Desktop\Repos\tests\file5.json
Gzipped: C:\Users\Milind\Desktop\Repos\tests\file5.log
Gzipped: C:\Users\Milind\Desktop\Repos\tests\file5.md
Gzipped: C:\Users\Milind\Desktop\Repos\tests\file5.py
Gzipped: C:\Users\Milind\Desktop\Repos\tests\file5.sh
Gzipped: C:\Users\Milind\Desktop\Repos\tests\file5.txt
Gzipped: C:\Users\Milind\Desktop\Repos\tests\file5.xml
Gzipped: C:\Users\Milind\Desktop\Repos\tests\file6.bak
Gzipped: C:\Users\Milind\Desktop\Repos\tests\file6.csv
Gzipped: C:\Users\Milind\Desktop\Repos\tests\file6.html
Gzipped: C:\Users\Milind\Desktop\Repos\tests\file6.json
Gzipped: C:\Users\Milind\Desktop\Repos\tests\file6.log
Gzipped: C:\Users\Milind\Desktop\Repos\tests\file6.md
Gzipped: C:\Users\Milind\Desktop\Repos\tests\file6.py
Gzipped: C:\Users\Milind\Desktop\Repos\tests\file6.sh
Gzipped: C:\Users\Milind\Desktop\Repos\tests\file6.txt
Gzipped: C:\Users\Milind\Desktop\Repos\tests\file6.xml
Gzipped: C:\Users\Milind\Desktop\Repos\tests\file7.bak
Gzipped: C:\Users\Milind\Desktop\Repos\tests\file7.csv
Gzipped: C:\Users\Milind\Desktop\Repos\tests\file7.html
Gzipped: C:\Users\Milind\Desktop\Repos\tests\file7.json
Gzipped: C:\Users\Milind\Desktop\Repos\tests\file7.log
Gzipped: C:\Users\Milind\Desktop\Repos\tests\file7.md
Gzipped: C:\Users\Milind\Desktop\Repos\tests\file7.py
Gzipped: C:\Users\Milind\Desktop\Repos\tests\file7.sh
Gzipped: C:\Users\Milind\Desktop\Repos\tests\file7.txt
Gzipped: C:\Users\Milind\Desktop\Repos\tests\file7.xml
Gzipped: C:\Users\Milind\Desktop\Repos\tests\file8.bak
Gzipped: C:\Users\Milind\Desktop\Repos\tests\file8.csv
Gzipped: C:\Users\Milind\Desktop\Repos\tests\file8.html
Gzipped: C:\Users\Milind\Desktop\Repos\tests\file8.json
Gzipped: C:\Users\Milind\Desktop\Repos\tests\file8.log
Gzipped: C:\Users\Milind\Desktop\Repos\tests\file8.md
Gzipped: C:\Users\Milind\Desktop\Repos\tests\file8.py
Gzipped: C:\Users\Milind\Desktop\Repos\tests\file8.sh
Gzipped: C:\Users\Milind\Desktop\Repos\tests\file8.txt
Gzipped: C:\Users\Milind\Desktop\Repos\tests\file8.xml
Gzipped: C:\Users\Milind\Desktop\Repos\tests\file9.bak
Gzipped: C:\Users\Milind\Desktop\Repos\tests\file9.csv
Gzipped: C:\Users\Milind\Desktop\Repos\tests\file9.html
Gzipped: C:\Users\Milind\Desktop\Repos\tests\file9.json
Gzipped: C:\Users\Milind\Desktop\Repos\tests\file9.log
Gzipped: C:\Users\Milind\Desktop\Repos\tests\file9.md
Gzipped: C:\Users\Milind\Desktop\Repos\tests\file9.py
Gzipped: C:\Users\Milind\Desktop\Repos\tests\file9.sh
Gzipped: C:\Users\Milind\Desktop\Repos\tests\file9.txt
Gzipped: C:\Users\Milind\Desktop\Repos\tests\file9.xml
